TN:
SF:src/claude.ts
FN:1,(empty-report)
FNF:1
FNH:0
FNDA:0,(empty-report)
DA:1,0
DA:2,0
DA:3,0
DA:4,0
DA:5,0
DA:7,0
DA:9,0
DA:10,0
DA:11,0
DA:12,0
DA:13,0
DA:14,0
DA:16,0
DA:17,0
DA:18,0
DA:19,0
DA:20,0
DA:21,0
DA:22,0
DA:23,0
DA:24,0
DA:25,0
DA:26,0
DA:27,0
DA:29,0
DA:30,0
DA:31,0
DA:32,0
DA:33,0
DA:34,0
DA:35,0
DA:37,0
DA:38,0
DA:40,0
DA:41,0
DA:42,0
DA:43,0
DA:44,0
DA:45,0
DA:46,0
DA:47,0
DA:48,0
DA:49,0
DA:50,0
DA:52,0
DA:53,0
DA:54,0
DA:55,0
DA:56,0
DA:57,0
DA:58,0
LF:51
LH:0
BRDA:1,0,0,0
BRF:1
BRH:0
end_of_record
TN:
SF:src/deepseek.ts
FN:1,(empty-report)
FNF:1
FNH:0
FNDA:0,(empty-report)
DA:1,0
DA:2,0
DA:4,0
DA:6,0
DA:7,0
DA:8,0
DA:9,0
DA:10,0
DA:11,0
DA:12,0
DA:14,0
DA:15,0
DA:16,0
DA:18,0
DA:19,0
DA:20,0
DA:23,0
DA:24,0
DA:26,0
DA:27,0
DA:28,0
DA:29,0
DA:30,0
DA:31,0
LF:24
LH:0
BRDA:1,0,0,0
BRF:1
BRH:0
end_of_record
TN:
SF:src/gemini.ts
FN:1,(empty-report)
FNF:1
FNH:0
FNDA:0,(empty-report)
DA:1,0
DA:2,0
DA:4,0
DA:6,0
DA:7,0
DA:8,0
DA:9,0
DA:10,0
DA:11,0
DA:12,0
DA:14,0
DA:15,0
DA:16,0
DA:18,0
DA:19,0
DA:20,0
DA:23,0
DA:24,0
DA:26,0
DA:27,0
DA:28,0
DA:29,0
DA:30,0
DA:31,0
LF:24
LH:0
BRDA:1,0,0,0
BRF:1
BRH:0
end_of_record
TN:
SF:src/index.ts
FN:12,getAIResponse
FN:28,main
FNF:2
FNH:1
FNDA:8,getAIResponse
FNDA:0,main
DA:1,1
DA:2,1
DA:3,1
DA:12,8
DA:13,8
DA:14,8
DA:15,8
DA:16,0
DA:17,0
DA:18,0
DA:19,0
DA:20,0
DA:21,0
DA:22,0
DA:23,0
DA:24,8
DA:25,8
DA:28,0
DA:36,0
DA:37,0
DA:38,0
DA:39,0
DA:40,0
DA:43,1
DA:44,1
DA:45,0
DA:46,0
DA:49,1
LF:28
LH:12
BRDA:44,0,0,0
BRDA:12,1,0,8
BRDA:15,2,0,0
BRF:3
BRH:1
end_of_record
TN:
SF:src/ollama.ts
FN:1,(empty-report)
FNF:1
FNH:0
FNDA:0,(empty-report)
DA:1,0
DA:2,0
DA:4,0
DA:7,0
DA:8,0
DA:9,0
DA:10,0
DA:12,0
DA:13,0
DA:14,0
DA:15,0
DA:16,0
DA:17,0
DA:19,0
DA:20,0
DA:21,0
DA:22,0
DA:23,0
DA:24,0
DA:25,0
DA:27,0
DA:29,0
DA:30,0
DA:32,0
DA:33,0
DA:34,0
DA:35,0
DA:37,0
DA:38,0
DA:39,0
DA:40,0
DA:42,0
DA:45,0
DA:46,0
DA:47,0
DA:48,0
DA:49,0
DA:51,0
DA:52,0
DA:53,0
DA:54,0
DA:55,0
DA:56,0
DA:57,0
DA:58,0
LF:45
LH:0
BRDA:1,0,0,0
BRF:1
BRH:0
end_of_record
TN:
SF:src/openai.ts
FN:1,(empty-report)
FNF:1
FNH:0
FNDA:0,(empty-report)
DA:1,0
DA:2,0
DA:3,0
DA:5,0
DA:7,0
DA:8,0
DA:9,0
DA:10,0
DA:11,0
DA:12,0
DA:14,0
DA:15,0
DA:16,0
DA:17,0
DA:19,0
DA:20,0
DA:21,0
DA:23,0
DA:24,0
DA:25,0
DA:26,0
DA:29,0
DA:30,0
DA:31,0
DA:33,0
DA:34,0
DA:35,0
DA:36,0
DA:37,0
DA:38,0
LF:30
LH:0
BRDA:1,0,0,0
BRF:1
BRH:0
end_of_record
TN:
SF:src/types.ts
FNF:0
FNH:0
DA:3,1
DA:4,1
DA:5,1
DA:6,1
DA:7,1
DA:8,1
LF:6
LH:6
BRDA:3,0,0,4
BRF:1
BRH:1
end_of_record
TN:
SF:src/utils.ts
FN:22,getLanguage
FN:26,getParser
FN:44,structured
FN:62,structured
FN:73,getSystemPrompt
FN:109,getPromptTemplate
FN:137,getJsonSchema
FN:145,createCustomJsonSchema
FN:220,extractJsonResponse
FNF:9
FNH:9
FNDA:50,getLanguage
FNDA:4,getParser
FNDA:3,structured
FNDA:1,structured
FNDA:14,getSystemPrompt
FNDA:4,getPromptTemplate
FNDA:4,getJsonSchema
FNDA:1,createCustomJsonSchema
FNDA:8,extractJsonResponse
DA:1,1
DA:2,1
DA:3,1
DA:5,1
DA:6,1
DA:7,1
DA:10,1
DA:11,1
DA:12,1
DA:13,1
DA:14,1
DA:15,1
DA:16,1
DA:17,1
DA:22,1
DA:23,50
DA:24,50
DA:26,1
DA:27,4
DA:28,4
DA:29,4
DA:31,1
DA:32,1
DA:35,1
DA:36,1
DA:37,1
DA:44,1
DA:47,3
DA:52,1
DA:54,1
DA:55,1
DA:62,1
DA:65,1
DA:70,1
DA:71,1
DA:73,1
DA:75,14
DA:77,14
DA:78,10
DA:79,10
DA:82,4
DA:83,4
DA:84,4
DA:86,4
DA:87,4
DA:90,1
DA:93,1
DA:94,1
DA:101,1
DA:107,1
DA:109,1
DA:110,4
DA:111,4
DA:112,4
DA:115,1
DA:118,1
DA:119,1
DA:120,1
DA:121,1
DA:122,1
DA:123,1
DA:124,1
DA:125,1
DA:126,1
DA:127,1
DA:128,1
DA:129,1
DA:130,1
DA:131,1
DA:132,1
DA:133,1
DA:134,1
DA:135,1
DA:137,1
DA:138,4
DA:139,4
DA:140,4
DA:143,1
DA:145,1
DA:147,1
DA:148,1
DA:151,1
DA:153,1
DA:156,1
DA:157,1
DA:158,1
DA:159,1
DA:160,0
DA:161,1
DA:162,0
DA:163,0
DA:164,0
DA:165,1
DA:166,0
DA:167,0
DA:170,1
DA:171,1
DA:172,0
DA:173,0
DA:175,1
DA:176,0
DA:177,0
DA:178,0
DA:179,0
DA:180,0
DA:181,1
DA:182,1
DA:183,1
DA:184,1
DA:185,1
DA:186,1
DA:187,1
DA:189,1
DA:190,1
DA:191,1
DA:192,1
DA:194,1
DA:195,1
DA:196,1
DA:197,1
DA:199,1
DA:200,1
DA:201,1
DA:202,1
DA:203,1
DA:204,1
DA:205,1
DA:206,1
DA:207,1
DA:208,1
DA:211,1
DA:212,1
DA:213,1
DA:214,1
DA:215,1
DA:216,1
DA:217,1
DA:218,1
DA:220,8
DA:221,8
DA:222,8
DA:223,8
DA:224,8
DA:225,8
DA:227,8
DA:228,8
DA:229,0
DA:230,0
DA:232,8
DA:233,7
DA:235,8
DA:236,6
DA:237,6
DA:239,8
DA:242,8
DA:243,4
DA:244,4
DA:247,4
DA:248,4
DA:250,4
DA:253,4
DA:254,10
DA:257,10
DA:258,10
DA:259,7
DA:260,7
DA:262,8
DA:263,3
DA:264,3
DA:265,3
DA:269,10
DA:271,3
DA:272,3
DA:273,2
DA:274,2
DA:275,3
DA:276,4
DA:278,4
DA:279,4
DA:280,4
DA:283,8
DA:285,2
DA:286,2
DA:287,2
DA:288,2
DA:289,2
DA:292,0
DA:293,0
DA:294,0
DA:295,8
DA:296,2
DA:297,2
DA:298,2
DA:299,8
LF:194
LH:176
BRDA:22,0,0,50
BRDA:23,1,0,9
BRDA:23,2,0,41
BRDA:26,3,0,4
BRDA:44,4,0,3
BRDA:62,5,0,1
BRDA:73,6,0,14
BRDA:77,7,0,10
BRDA:79,8,0,4
BRDA:83,9,0,10
BRDA:83,10,0,0
BRDA:109,11,0,4
BRDA:137,12,0,4
BRDA:145,13,0,1
BRDA:151,14,0,1
BRDA:159,15,0,0
BRDA:161,16,0,0
BRDA:165,17,0,0
BRDA:170,18,0,0
BRDA:170,19,0,0
BRDA:171,20,0,0
BRDA:171,21,0,0
BRDA:171,22,0,0
BRDA:171,23,0,0
BRDA:175,24,0,0
BRDA:220,25,0,8
BRDA:228,26,0,0
BRDA:232,27,0,7
BRDA:235,28,0,6
BRDA:242,29,0,4
BRDA:242,30,0,4
BRDA:280,31,0,2
BRDA:283,32,0,5
BRDA:283,33,0,2
BRDA:285,34,0,0
BRDA:287,35,0,0
BRDA:289,36,0,0
BRDA:293,37,0,0
BRDA:295,38,0,2
BRDA:296,39,0,1
BRDA:296,40,0,1
BRDA:247,41,0,10
BRDA:253,42,0,10
BRDA:254,43,0,0
BRDA:258,44,0,7
BRDA:259,45,0,6
BRDA:259,46,0,6
BRDA:260,47,0,6
BRDA:260,48,0,6
BRDA:260,49,0,8
BRDA:262,50,0,3
BRDA:263,51,0,2
BRDA:263,52,0,2
BRDA:264,53,0,2
BRDA:264,54,0,2
BRDA:264,55,0,2
BRDA:265,56,0,2
BRDA:269,57,0,4
BRDA:269,58,0,3
BRDA:272,59,0,2
BRF:60
BRH:43
end_of_record
TN:
SF:src/llm/base-provider.ts
FN:47,BaseLLMProvider
FN:55,updateErrorMessages
FN:63,getLanguage
FN:77,getResponse
FN:114,handleError
FNF:5
FNH:5
FNDA:10,BaseLLMProvider
FNDA:15,updateErrorMessages
FNDA:15,getLanguage
FNDA:6,getResponse
FNDA:2,handleError
DA:1,1
DA:3,1
DA:6,1
DA:7,1
DA:8,1
DA:9,1
DA:10,1
DA:11,1
DA:12,1
DA:13,1
DA:14,1
DA:15,1
DA:16,1
DA:17,1
DA:18,1
DA:19,1
DA:20,1
DA:21,1
DA:27,1
DA:36,1
DA:37,1
DA:38,1
DA:39,1
DA:40,1
DA:41,1
DA:42,1
DA:43,1
DA:44,1
DA:45,1
DA:47,1
DA:49,10
DA:50,10
DA:55,1
DA:56,15
DA:57,15
DA:58,15
DA:63,1
DA:64,15
DA:65,15
DA:77,1
DA:78,6
DA:79,6
DA:80,6
DA:82,6
DA:85,6
DA:87,6
DA:88,6
DA:89,6
DA:90,6
DA:92,6
DA:93,6
DA:95,6
DA:96,6
DA:97,0
DA:100,6
DA:101,3
DA:102,3
DA:105,6
DA:106,6
DA:107,0
DA:108,0
DA:109,6
DA:114,1
DA:115,2
DA:116,2
DA:117,2
DA:118,1
DA:119,1
DA:120,2
DA:121,2
DA:122,2
DA:123,2
DA:124,1
LF:73
LH:70
BRDA:47,0,0,10
BRDA:55,1,0,15
BRDA:63,2,0,15
BRDA:77,3,0,6
BRDA:90,4,0,3
BRDA:90,5,0,3
BRDA:96,6,0,0
BRDA:100,7,0,3
BRDA:106,8,0,0
BRDA:114,9,0,2
BRDA:117,10,0,1
BRDA:118,11,0,1
BRF:12
BRH:10
end_of_record
TN:
SF:src/llm/claude-provider.ts
FN:6,ClaudeProvider
FN:9,createModel
FNF:2
FNH:2
FNDA:2,ClaudeProvider
FNDA:5,createModel
DA:1,1
DA:2,1
DA:4,1
DA:6,2
DA:7,2
DA:9,1
DA:10,5
DA:11,5
DA:12,5
DA:13,5
DA:14,5
DA:15,5
DA:16,1
DA:18,1
LF:14
LH:14
BRDA:6,0,0,2
BRDA:9,1,0,5
BRDA:11,2,0,0
BRF:3
BRH:2
end_of_record
TN:
SF:src/llm/deepseek-provider.ts
FN:6,DeepSeekProvider
FN:9,createModel
FNF:2
FNH:0
FNDA:0,DeepSeekProvider
FNDA:0,createModel
DA:1,1
DA:2,1
DA:4,1
DA:6,0
DA:7,0
DA:9,1
DA:10,0
DA:11,0
DA:12,0
DA:13,0
DA:14,0
DA:15,0
DA:16,1
DA:18,1
LF:14
LH:6
BRF:0
BRH:0
end_of_record
TN:
SF:src/llm/factory.ts
FN:13,<static_initializer>
FN:20,getProvider
FN:30,createProvider
FNF:3
FNH:3
FNDA:3,<static_initializer>
FNDA:17,getProvider
FNDA:13,createProvider
DA:1,1
DA:2,1
DA:3,1
DA:4,1
DA:5,1
DA:6,1
DA:12,1
DA:13,1
DA:20,1
DA:21,17
DA:22,13
DA:23,13
DA:24,17
DA:25,17
DA:30,1
DA:31,13
DA:32,13
DA:33,5
DA:34,13
DA:35,4
DA:36,13
DA:37,2
DA:38,13
DA:39,1
DA:40,13
DA:41,1
DA:42,13
DA:43,0
DA:44,13
DA:45,13
DA:46,1
LF:31
LH:30
BRDA:13,0,0,3
BRDA:20,1,0,17
BRDA:21,2,0,13
BRDA:30,3,0,13
BRDA:32,4,0,5
BRDA:34,5,0,4
BRDA:36,6,0,2
BRDA:38,7,0,1
BRDA:40,8,0,1
BRDA:42,9,0,0
BRF:10
BRH:9
end_of_record
TN:
SF:src/llm/gemini-provider.ts
FN:6,GeminiProvider
FN:9,createModel
FNF:2
FNH:2
FNDA:1,GeminiProvider
FNDA:1,createModel
DA:1,1
DA:2,1
DA:4,1
DA:6,1
DA:7,1
DA:9,1
DA:10,1
DA:11,1
DA:12,1
DA:13,1
DA:14,1
DA:15,1
DA:16,1
DA:18,1
LF:14
LH:14
BRDA:6,0,0,1
BRDA:9,1,0,1
BRDA:11,2,0,0
BRF:3
BRH:2
end_of_record
TN:
SF:src/llm/ollama-provider.ts
FN:6,OllamaProvider
FN:9,createModel
FNF:2
FNH:0
FNDA:0,OllamaProvider
FNDA:0,createModel
DA:1,1
DA:2,1
DA:4,1
DA:6,0
DA:7,0
DA:9,1
DA:10,0
DA:11,0
DA:12,0
DA:13,0
DA:14,0
DA:15,1
DA:17,1
LF:13
LH:6
BRF:0
BRH:0
end_of_record
TN:
SF:src/llm/openai-provider.ts
FN:11,OpenAIProvider
FN:14,createModel
FN:40,getResponse
FNF:3
FNH:3
FNDA:2,OpenAIProvider
FNDA:2,createModel
FNDA:2,getResponse
DA:1,1
DA:2,1
DA:3,1
DA:5,1
DA:6,1
DA:11,2
DA:12,2
DA:14,1
DA:15,2
DA:17,2
DA:18,2
DA:19,2
DA:20,2
DA:21,2
DA:24,2
DA:25,1
DA:26,1
DA:27,1
DA:28,1
DA:29,1
DA:30,1
DA:31,1
DA:34,1
DA:35,2
DA:40,1
DA:41,2
DA:42,2
DA:43,2
DA:45,2
DA:48,2
DA:49,1
DA:52,1
DA:53,1
DA:56,1
DA:58,1
DA:59,1
DA:60,1
DA:61,1
DA:63,1
DA:64,1
DA:66,1
DA:67,1
DA:68,0
DA:69,0
DA:70,2
DA:71,1
DA:73,1
LF:47
LH:45
BRDA:11,0,0,2
BRDA:14,1,0,2
BRDA:18,2,0,0
BRDA:24,3,0,1
BRDA:28,4,0,0
BRDA:40,5,0,2
BRDA:48,6,0,1
BRDA:67,7,0,0
BRF:8
BRH:5
end_of_record
TN:
SF:src/service/llm-service.ts
FN:8,processingError
FN:9,loading
FN:12,processingError
FN:13,loading
FN:18,getResponse
FNF:5
FNH:5
FNDA:1,processingError
FNDA:10,loading
FNDA:1,processingError
FNDA:3,loading
FNDA:13,getResponse
DA:2,1
DA:3,1
DA:6,1
DA:7,1
DA:8,1
DA:9,1
DA:10,1
DA:11,1
DA:12,1
DA:13,1
DA:14,1
DA:15,1
DA:17,1
DA:18,1
DA:19,13
DA:20,13
DA:21,13
DA:23,13
DA:24,13
DA:27,13
DA:30,13
DA:31,13
DA:32,13
DA:33,13
DA:35,13
DA:36,13
DA:37,13
DA:40,13
DA:42,13
DA:43,13
DA:45,2
DA:47,2
DA:48,2
DA:49,2
DA:50,2
DA:51,2
DA:52,2
DA:53,13
DA:54,1
DA:56,1
LF:40
LH:40
BRDA:8,0,0,1
BRDA:9,1,0,10
BRDA:12,2,0,1
BRDA:13,3,0,3
BRDA:18,4,0,13
BRDA:23,5,0,9
BRDA:24,6,0,3
BRDA:24,7,0,10
BRDA:37,8,0,11
BRDA:40,9,0,9
BRDA:40,10,0,2
BRDA:43,11,0,2
BRDA:45,12,0,1
BRDA:45,13,0,1
BRDA:48,14,0,1
BRDA:48,15,0,1
BRF:16
BRH:16
end_of_record
